<?xml version="1.0" encoding="UTF-8"?>
<!-- Generated by org.testng.reporters.JUnitReportReporter -->
<testsuite skipped="0" hostname="MDB20LT318" name="com.amazon.qa.utilities.KeyPressEvent" tests="6" failures="0" timestamp="28 Aug 2019 10:37:35 GMT" time="38.087" errors="0">
  <testcase name="CreateAmazonAccount" time="3.788" classname="com.amazon.qa.utilities.KeyPressEvent"/>
  <testcase name="seleckBooks" time="0.893" classname="com.amazon.qa.utilities.KeyPressEvent"/>
  <testcase name="getAllCategories" time="10.522" classname="com.amazon.qa.utilities.KeyPressEvent"/>
  <testcase name="searchBook" time="12.480" classname="com.amazon.qa.utilities.KeyPressEvent"/>
  <testcase name="proceedToPayment" time="3.186" classname="com.amazon.qa.utilities.KeyPressEvent"/>
  <testcase name="addToCart" time="7.218" classname="com.amazon.qa.utilities.KeyPressEvent"/>
</testsuite> <!-- com.amazon.qa.utilities.KeyPressEvent -->
